# JRE version: OpenJDK Runtime Environment Temurin-17.0.7+7 (17.0.7+7) (build 17.0.7+7)
# Java VM: OpenJDK 64-Bit Server VM Temurin-17.0.7+7 (17.0.7+7, mixed mode, tiered, compressed oops, compressed class ptrs, parallel gc, windows-amd64)
GC Precious Log:
 CPUs: 8 total, 8 available
 Memory: 8043M
 Large Page Support: Disabled
 NUMA Support: Disabled
 Compressed Oops: Enabled (32-bit)
 Alignments: Space 512K, Generation 512K, Heap 2M
 Heap Min Capacity: 100M
 Heap Initial Capacity: 100M
 Heap Max Capacity: 1G
 Pre-touch: Disabled
 Parallel Workers: 8
Heap:
 PSYoungGen      total 18944K, used 9848K [0x00000000eab00000, 0x00000000ec100000, 0x0000000100000000)
  eden space 17920K, 51% used [0x00000000eab00000,0x00000000eb3f01c8,0x00000000ebc80000)
  from space 1024K, 67% used [0x00000000ec000000,0x00000000ec0ae098,0x00000000ec100000)
  to   space 1536K, 0% used [0x00000000ebe00000,0x00000000ebe00000,0x00000000ebf80000)
 ParOldGen       total 68608K, used 30433K [0x00000000c0000000, 0x00000000c4300000, 0x00000000eab00000)
  object space 68608K, 44% used [0x00000000c0000000,0x00000000c1db8740,0x00000000c4300000)
 Metaspace       used 50759K, committed 51648K, reserved 1114112K
  class space    used 5549K, committed 5952K, reserved 1048576K
GC Heap History (20 events):
Event: 4.712 GC heap before
{Heap before GC invocations=13 (full 2):
 PSYoungGen      total 24576K, used 24301K [0x00000000eab00000, 0x00000000ec680000, 0x0000000100000000)
  eden space 23040K, 100% used [0x00000000eab00000,0x00000000ec180000,0x00000000ec180000)
  from space 1536K, 82% used [0x00000000ec500000,0x00000000ec63b528,0x00000000ec680000)
  to   space 1536K, 0% used [0x00000000ec380000,0x00000000ec380000,0x00000000ec500000)
 ParOldGen       total 68608K, used 12276K [0x00000000c0000000, 0x00000000c4300000, 0x00000000eab00000)
  object space 68608K, 17% used [0x00000000c0000000,0x00000000c0bfd3e8,0x00000000c4300000)
 Metaspace       used 40409K, committed 41216K, reserved 1114112K
  class space    used 4284K, committed 4672K, reserved 1048576K
}
Event: 4.714 GC heap after
{Heap after GC invocations=13 (full 2):
 PSYoungGen      total 23552K, used 712K [0x00000000eab00000, 0x00000000ec580000, 0x0000000100000000)
  eden space 22528K, 0% used [0x00000000eab00000,0x00000000eab00000,0x00000000ec100000)
  from space 1024K, 69% used [0x00000000ec380000,0x00000000ec432088,0x00000000ec480000)
  to   space 1024K, 0% used [0x00000000ec480000,0x00000000ec480000,0x00000000ec580000)
 ParOldGen       total 68608K, used 13355K [0x00000000c0000000, 0x00000000c4300000, 0x00000000eab00000)
  object space 68608K, 19% used [0x00000000c0000000,0x00000000c0d0ac48,0x00000000c4300000)
 Metaspace       used 40409K, committed 41216K, reserved 1114112K
  class space    used 4284K, committed 4672K, reserved 1048576K
}
Event: 5.028 GC heap before
{Heap before GC invocations=14 (full 2):
 PSYoungGen      total 23552K, used 23240K [0x00000000eab00000, 0x00000000ec580000, 0x0000000100000000)
  eden space 22528K, 100% used [0x00000000eab00000,0x00000000ec100000,0x00000000ec100000)
  from space 1024K, 69% used [0x00000000ec380000,0x00000000ec432088,0x00000000ec480000)
  to   space 1024K, 0% used [0x00000000ec480000,0x00000000ec480000,0x00000000ec580000)
 ParOldGen       total 68608K, used 13355K [0x00000000c0000000, 0x00000000c4300000, 0x00000000eab00000)
  object space 68608K, 19% used [0x00000000c0000000,0x00000000c0d0ac48,0x00000000c4300000)
 Metaspace       used 43380K, committed 44224K, reserved 1114112K
  class space    used 4674K, committed 5056K, reserved 1048576K
}
Event: 5.030 GC heap after
{Heap after GC invocations=14 (full 2):
 PSYoungGen      total 23040K, used 1024K [0x00000000eab00000, 0x00000000ec580000, 0x0000000100000000)
  eden space 22016K, 0% used [0x00000000eab00000,0x00000000eab00000,0x00000000ec080000)
  from space 1024K, 100% used [0x00000000ec480000,0x00000000ec580000,0x00000000ec580000)
  to   space 2048K, 0% used [0x00000000ec180000,0x00000000ec180000,0x00000000ec380000)
 ParOldGen       total 68608K, used 14154K [0x00000000c0000000, 0x00000000c4300000, 0x00000000eab00000)
  object space 68608K, 20% used [0x00000000c0000000,0x00000000c0dd2948,0x00000000c4300000)
 Metaspace       used 43380K, committed 44224K, reserved 1114112K
  class space    used 4674K, committed 5056K, reserved 1048576K
}
Event: 5.431 GC heap before
{Heap before GC invocations=15 (full 2):
 PSYoungGen      total 23040K, used 23040K [0x00000000eab00000, 0x00000000ec580000, 0x0000000100000000)
  eden space 22016K, 100% used [0x00000000eab00000,0x00000000ec080000,0x00000000ec080000)
  from space 1024K, 100% used [0x00000000ec480000,0x00000000ec580000,0x00000000ec580000)
  to   space 2048K, 0% used [0x00000000ec180000,0x00000000ec180000,0x00000000ec380000)
 ParOldGen       total 68608K, used 14154K [0x00000000c0000000, 0x00000000c4300000, 0x00000000eab00000)
  object space 68608K, 20% used [0x00000000c0000000,0x00000000c0dd2948,0x00000000c4300000)
 Metaspace       used 46059K, committed 46848K, reserved 1114112K
  class space    used 5032K, committed 5376K, reserved 1048576K
}
Event: 5.433 GC heap after
{Heap after GC invocations=15 (full 2):
 PSYoungGen      total 24064K, used 1560K [0x00000000eab00000, 0x00000000ec500000, 0x0000000100000000)
  eden space 22016K, 0% used [0x00000000eab00000,0x00000000eab00000,0x00000000ec080000)
  from space 2048K, 76% used [0x00000000ec180000,0x00000000ec306160,0x00000000ec380000)
  to   space 1536K, 0% used [0x00000000ec380000,0x00000000ec380000,0x00000000ec500000)
 ParOldGen       total 68608K, used 15198K [0x00000000c0000000, 0x00000000c4300000, 0x00000000eab00000)
  object space 68608K, 22% used [0x00000000c0000000,0x00000000c0ed7958,0x00000000c4300000)
 Metaspace       used 46059K, committed 46848K, reserved 1114112K
  class space    used 5032K, committed 5376K, reserved 1048576K
}
Event: 5.696 GC heap before
{Heap before GC invocations=16 (full 2):
 PSYoungGen      total 24064K, used 23576K [0x00000000eab00000, 0x00000000ec500000, 0x0000000100000000)
  eden space 22016K, 100% used [0x00000000eab00000,0x00000000ec080000,0x00000000ec080000)
  from space 2048K, 76% used [0x00000000ec180000,0x00000000ec306160,0x00000000ec380000)
  to   space 1536K, 0% used [0x00000000ec380000,0x00000000ec380000,0x00000000ec500000)
 ParOldGen       total 68608K, used 15198K [0x00000000c0000000, 0x00000000c4300000, 0x00000000eab00000)
  object space 68608K, 22% used [0x00000000c0000000,0x00000000c0ed7958,0x00000000c4300000)
 Metaspace       used 47858K, committed 48768K, reserved 1114112K
  class space    used 5228K, committed 5632K, reserved 1048576K
}
Event: 5.699 GC heap after
{Heap after GC invocations=16 (full 2):
 PSYoungGen      total 22528K, used 1520K [0x00000000eab00000, 0x00000000ec880000, 0x0000000100000000)
  eden space 20992K, 0% used [0x00000000eab00000,0x00000000eab00000,0x00000000ebf80000)
  from space 1536K, 98% used [0x00000000ec380000,0x00000000ec4fc020,0x00000000ec500000)
  to   space 4096K, 0% used [0x00000000ebf80000,0x00000000ebf80000,0x00000000ec380000)
 ParOldGen       total 68608K, used 17335K [0x00000000c0000000, 0x00000000c4300000, 0x00000000eab00000)
  object space 68608K, 25% used [0x00000000c0000000,0x00000000c10edd08,0x00000000c4300000)
 Metaspace       used 47858K, committed 48768K, reserved 1114112K
  class space    used 5228K, committed 5632K, reserved 1048576K
}
Event: 5.808 GC heap before
{Heap before GC invocations=17 (full 2):
 PSYoungGen      total 22528K, used 22512K [0x00000000eab00000, 0x00000000ec880000, 0x0000000100000000)
  eden space 20992K, 100% used [0x00000000eab00000,0x00000000ebf80000,0x00000000ebf80000)
  from space 1536K, 98% used [0x00000000ec380000,0x00000000ec4fc020,0x00000000ec500000)
  to   space 4096K, 0% used [0x00000000ebf80000,0x00000000ebf80000,0x00000000ec380000)
 ParOldGen       total 68608K, used 17335K [0x00000000c0000000, 0x00000000c4300000, 0x00000000eab00000)
  object space 68608K, 25% used [0x00000000c0000000,0x00000000c10edd08,0x00000000c4300000)
 Metaspace       used 48039K, committed 48896K, reserved 1114112K
  class space    used 5246K, committed 5632K, reserved 1048576K
}
Event: 5.811 GC heap after
{Heap after GC invocations=17 (full 2):
 PSYoungGen      total 23552K, used 2144K [0x00000000eab00000, 0x00000000ec580000, 0x0000000100000000)
  eden space 20992K, 0% used [0x00000000eab00000,0x00000000eab00000,0x00000000ebf80000)
  from space 2560K, 83% used [0x00000000ebf80000,0x00000000ec198010,0x00000000ec200000)
  to   space 3072K, 0% used [0x00000000ec280000,0x00000000ec280000,0x00000000ec580000)
 ParOldGen       total 68608K, used 18856K [0x00000000c0000000, 0x00000000c4300000, 0x00000000eab00000)
  object space 68608K, 27% used [0x00000000c0000000,0x00000000c126a090,0x00000000c4300000)
 Metaspace       used 48039K, committed 48896K, reserved 1114112K
  class space    used 5246K, committed 5632K, reserved 1048576K
}
Event: 5.892 GC heap before
{Heap before GC invocations=18 (full 2):
 PSYoungGen      total 23552K, used 23136K [0x00000000eab00000, 0x00000000ec580000, 0x0000000100000000)
  eden space 20992K, 100% used [0x00000000eab00000,0x00000000ebf80000,0x00000000ebf80000)
  from space 2560K, 83% used [0x00000000ebf80000,0x00000000ec198010,0x00000000ec200000)
  to   space 3072K, 0% used [0x00000000ec280000,0x00000000ec280000,0x00000000ec580000)
 ParOldGen       total 68608K, used 18856K [0x00000000c0000000, 0x00000000c4300000, 0x00000000eab00000)
  object space 68608K, 27% used [0x00000000c0000000,0x00000000c126a090,0x00000000c4300000)
 Metaspace       used 48111K, committed 48960K, reserved 1114112K
  class space    used 5257K, committed 5632K, reserved 1048576K
}
Event: 5.896 GC heap after
{Heap after GC invocations=18 (full 2):
 PSYoungGen      total 24064K, used 2592K [0x00000000eab00000, 0x00000000ec580000, 0x0000000100000000)
  eden space 20992K, 0% used [0x00000000eab00000,0x00000000eab00000,0x00000000ebf80000)
  from space 3072K, 84% used [0x00000000ec280000,0x00000000ec508020,0x00000000ec580000)
  to   space 3072K, 0% used [0x00000000ebf80000,0x00000000ebf80000,0x00000000ec280000)
 ParOldGen       total 68608K, used 20840K [0x00000000c0000000, 0x00000000c4300000, 0x00000000eab00000)
  object space 68608K, 30% used [0x00000000c0000000,0x00000000c145a090,0x00000000c4300000)
 Metaspace       used 48111K, committed 48960K, reserved 1114112K
  class space    used 5257K, committed 5632K, reserved 1048576K
}
Event: 5.949 GC heap before
{Heap before GC invocations=19 (full 2):
 PSYoungGen      total 24064K, used 23584K [0x00000000eab00000, 0x00000000ec580000, 0x0000000100000000)
  eden space 20992K, 100% used [0x00000000eab00000,0x00000000ebf80000,0x00000000ebf80000)
  from space 3072K, 84% used [0x00000000ec280000,0x00000000ec508020,0x00000000ec580000)
  to   space 3072K, 0% used [0x00000000ebf80000,0x00000000ebf80000,0x00000000ec280000)
 ParOldGen       total 68608K, used 20840K [0x00000000c0000000, 0x00000000c4300000, 0x00000000eab00000)
  object space 68608K, 30% used [0x00000000c0000000,0x00000000c145a090,0x00000000c4300000)
 Metaspace       used 48112K, committed 48960K, reserved 1114112K
  class space    used 5257K, committed 5632K, reserved 1048576K
}
Event: 5.953 GC heap after
{Heap after GC invocations=19 (full 2):
 PSYoungGen      total 23552K, used 2336K [0x00000000eab00000, 0x00000000ec480000, 0x0000000100000000)
  eden space 20992K, 0% used [0x00000000eab00000,0x00000000eab00000,0x00000000ebf80000)
  from space 2560K, 91% used [0x00000000ebf80000,0x00000000ec1c8000,0x00000000ec200000)
  to   space 2560K, 0% used [0x00000000ec200000,0x00000000ec200000,0x00000000ec480000)
 ParOldGen       total 68608K, used 23377K [0x00000000c0000000, 0x00000000c4300000, 0x00000000eab00000)
  object space 68608K, 34% used [0x00000000c0000000,0x00000000c16d4730,0x00000000c4300000)
 Metaspace       used 48112K, committed 48960K, reserved 1114112K
  class space    used 5257K, committed 5632K, reserved 1048576K
}
Event: 6.002 GC heap before
{Heap before GC invocations=20 (full 2):
 PSYoungGen      total 23552K, used 23328K [0x00000000eab00000, 0x00000000ec480000, 0x0000000100000000)
  eden space 20992K, 100% used [0x00000000eab00000,0x00000000ebf80000,0x00000000ebf80000)
  from space 2560K, 91% used [0x00000000ebf80000,0x00000000ec1c8000,0x00000000ec200000)
  to   space 2560K, 0% used [0x00000000ec200000,0x00000000ec200000,0x00000000ec480000)
 ParOldGen       total 68608K, used 23377K [0x00000000c0000000, 0x00000000c4300000, 0x00000000eab00000)
  object space 68608K, 34% used [0x00000000c0000000,0x00000000c16d4730,0x00000000c4300000)
 Metaspace       used 48112K, committed 48960K, reserved 1114112K
  class space    used 5257K, committed 5632K, reserved 1048576K
}
Event: 6.006 GC heap after
{Heap after GC invocations=20 (full 2):
 PSYoungGen      total 20480K, used 2528K [0x00000000eab00000, 0x00000000eca80000, 0x0000000100000000)
  eden space 17920K, 0% used [0x00000000eab00000,0x00000000eab00000,0x00000000ebc80000)
  from space 2560K, 98% used [0x00000000ec200000,0x00000000ec478010,0x00000000ec480000)
  to   space 5632K, 0% used [0x00000000ebc80000,0x00000000ebc80000,0x00000000ec200000)
 ParOldGen       total 68608K, used 25617K [0x00000000c0000000, 0x00000000c4300000, 0x00000000eab00000)
  object space 68608K, 37% used [0x00000000c0000000,0x00000000c1904730,0x00000000c4300000)
 Metaspace       used 48112K, committed 48960K, reserved 1114112K
  class space    used 5257K, committed 5632K, reserved 1048576K
}
Event: 6.135 GC heap before
{Heap before GC invocations=21 (full 2):
 PSYoungGen      total 20480K, used 20448K [0x00000000eab00000, 0x00000000eca80000, 0x0000000100000000)
  eden space 17920K, 100% used [0x00000000eab00000,0x00000000ebc80000,0x00000000ebc80000)
  from space 2560K, 98% used [0x00000000ec200000,0x00000000ec478010,0x00000000ec480000)
  to   space 5632K, 0% used [0x00000000ebc80000,0x00000000ebc80000,0x00000000ec200000)
 ParOldGen       total 68608K, used 25617K [0x00000000c0000000, 0x00000000c4300000, 0x00000000eab00000)
  object space 68608K, 37% used [0x00000000c0000000,0x00000000c1904730,0x00000000c4300000)
 Metaspace       used 48416K, committed 49280K, reserved 1114112K
  class space    used 5274K, committed 5632K, reserved 1048576K
}
Event: 6.140 GC heap after
{Heap after GC invocations=21 (full 2):
 PSYoungGen      total 20480K, used 2368K [0x00000000eab00000, 0x00000000ec380000, 0x0000000100000000)
  eden space 17920K, 0% used [0x00000000eab00000,0x00000000eab00000,0x00000000ebc80000)
  from space 2560K, 92% used [0x00000000ebc80000,0x00000000ebed0000,0x00000000ebf00000)
  to   space 3584K, 0% used [0x00000000ec000000,0x00000000ec000000,0x00000000ec380000)
 ParOldGen       total 68608K, used 28129K [0x00000000c0000000, 0x00000000c4300000, 0x00000000eab00000)
  object space 68608K, 41% used [0x00000000c0000000,0x00000000c1b78740,0x00000000c4300000)
 Metaspace       used 48416K, committed 49280K, reserved 1114112K
  class space    used 5274K, committed 5632K, reserved 1048576K
}
Event: 6.468 GC heap before
{Heap before GC invocations=22 (full 2):
 PSYoungGen      total 20480K, used 20272K [0x00000000eab00000, 0x00000000ec380000, 0x0000000100000000)
  eden space 17920K, 99% used [0x00000000eab00000,0x00000000ebc7c320,0x00000000ebc80000)
  from space 2560K, 92% used [0x00000000ebc80000,0x00000000ebed0000,0x00000000ebf00000)
  to   space 3584K, 0% used [0x00000000ec000000,0x00000000ec000000,0x00000000ec380000)
 ParOldGen       total 68608K, used 28129K [0x00000000c0000000, 0x00000000c4300000, 0x00000000eab00000)
  object space 68608K, 41% used [0x00000000c0000000,0x00000000c1b78740,0x00000000c4300000)
 Metaspace       used 50510K, committed 51328K, reserved 1114112K
  class space    used 5498K, committed 5888K, reserved 1048576K
}
Event: 6.471 GC heap after
{Heap after GC invocations=22 (full 2):
 PSYoungGen      total 18944K, used 696K [0x00000000eab00000, 0x00000000ec100000, 0x0000000100000000)
  eden space 17920K, 0% used [0x00000000eab00000,0x00000000eab00000,0x00000000ebc80000)
  from space 1024K, 67% used [0x00000000ec000000,0x00000000ec0ae098,0x00000000ec100000)
  to   space 1536K, 0% used [0x00000000ebe00000,0x00000000ebe00000,0x00000000ebf80000)
 ParOldGen       total 68608K, used 30433K [0x00000000c0000000, 0x00000000c4300000, 0x00000000eab00000)
  object space 68608K, 44% used [0x00000000c0000000,0x00000000c1db8740,0x00000000c4300000)
 Metaspace       used 50510K, committed 51328K, reserved 1114112K
  class space    used 5498K, committed 5888K, reserved 1048576K
}

